{"/Users/erickwendel/Documents/projetos/cursos/javascript-expert/recorded/modulo07/behavioral/02.observer/src/events/payment.js": {"path":"/Users/erickwendel/Documents/projetos/cursos/javascript-expert/recorded/modulo07/behavioral/02.observer/src/events/payment.js","all":false,"statementMap":{"0":{"start":{"line":1,"column":0},"end":{"line":1,"column":30}},"1":{"start":{"line":2,"column":0},"end":{"line":2,"column":33}},"2":{"start":{"line":3,"column":0},"end":{"line":3,"column":44}},"3":{"start":{"line":4,"column":0},"end":{"line":4,"column":5}},"4":{"start":{"line":5,"column":0},"end":{"line":5,"column":29}},"5":{"start":{"line":6,"column":0},"end":{"line":6,"column":71}},"6":{"start":{"line":7,"column":0},"end":{"line":7,"column":47}},"7":{"start":{"line":8,"column":0},"end":{"line":8,"column":5}},"8":{"start":{"line":9,"column":0},"end":{"line":9,"column":1}}},"s":{"0":1,"1":2,"2":2,"3":2,"4":2,"5":1,"6":1,"7":1,"8":1},"branchMap":{"0":{"type":"branch","line":1,"loc":{"start":{"line":1,"column":0},"end":{"line":1,"column":21}},"locations":[{"start":{"line":1,"column":0},"end":{"line":1,"column":21}}]},"1":{"type":"branch","line":1,"loc":{"start":{"line":1,"column":21},"end":{"line":6,"column":48}},"locations":[{"start":{"line":1,"column":21},"end":{"line":6,"column":48}}]}},"b":{"0":[2],"1":[2]},"fnMap":{"0":{"name":"Payment","decl":{"start":{"line":1,"column":0},"end":{"line":1,"column":21}},"loc":{"start":{"line":1,"column":0},"end":{"line":1,"column":21}},"line":1},"1":{"name":"creditCard","decl":{"start":{"line":1,"column":21},"end":{"line":6,"column":48}},"loc":{"start":{"line":1,"column":21},"end":{"line":6,"column":48}},"line":1}},"f":{"0":2,"1":2}}
,"/Users/erickwendel/Documents/projetos/cursos/javascript-expert/recorded/modulo07/behavioral/02.observer/src/observers/marketing.js": {"path":"/Users/erickwendel/Documents/projetos/cursos/javascript-expert/recorded/modulo07/behavioral/02.observer/src/observers/marketing.js","all":false,"statementMap":{"0":{"start":{"line":1,"column":0},"end":{"line":1,"column":32}},"1":{"start":{"line":2,"column":0},"end":{"line":2,"column":29}},"2":{"start":{"line":3,"column":0},"end":{"line":3,"column":94}},"3":{"start":{"line":4,"column":0},"end":{"line":4,"column":98}},"4":{"start":{"line":5,"column":0},"end":{"line":5,"column":34}},"5":{"start":{"line":6,"column":0},"end":{"line":6,"column":87}},"6":{"start":{"line":7,"column":0},"end":{"line":7,"column":5}},"7":{"start":{"line":8,"column":0},"end":{"line":8,"column":1}}},"s":{"0":1,"1":1,"2":1,"3":1,"4":1,"5":1,"6":1,"7":1},"branchMap":{"0":{"type":"branch","line":1,"loc":{"start":{"line":1,"column":0},"end":{"line":5,"column":34}},"locations":[{"start":{"line":1,"column":0},"end":{"line":5,"column":34}}]}},"b":{"0":[1]},"fnMap":{"0":{"name":"update","decl":{"start":{"line":1,"column":0},"end":{"line":5,"column":34}},"loc":{"start":{"line":1,"column":0},"end":{"line":5,"column":34}},"line":1}},"f":{"0":1}}
,"/Users/erickwendel/Documents/projetos/cursos/javascript-expert/recorded/modulo07/behavioral/02.observer/src/observers/shipment.js": {"path":"/Users/erickwendel/Documents/projetos/cursos/javascript-expert/recorded/modulo07/behavioral/02.observer/src/observers/shipment.js","all":false,"statementMap":{"0":{"start":{"line":1,"column":0},"end":{"line":1,"column":31}},"1":{"start":{"line":2,"column":0},"end":{"line":2,"column":30}},"2":{"start":{"line":3,"column":0},"end":{"line":3,"column":86}},"3":{"start":{"line":4,"column":0},"end":{"line":4,"column":5}},"4":{"start":{"line":5,"column":0},"end":{"line":5,"column":1}}},"s":{"0":1,"1":1,"2":1,"3":1,"4":1},"branchMap":{"0":{"type":"branch","line":1,"loc":{"start":{"line":1,"column":0},"end":{"line":2,"column":11}},"locations":[{"start":{"line":1,"column":0},"end":{"line":2,"column":11}}]}},"b":{"0":[1]},"fnMap":{"0":{"name":"update","decl":{"start":{"line":1,"column":0},"end":{"line":2,"column":11}},"loc":{"start":{"line":1,"column":0},"end":{"line":2,"column":11}},"line":1}},"f":{"0":1}}
,"/Users/erickwendel/Documents/projetos/cursos/javascript-expert/recorded/modulo07/behavioral/02.observer/src/subjects/paymentSubject.js": {"path":"/Users/erickwendel/Documents/projetos/cursos/javascript-expert/recorded/modulo07/behavioral/02.observer/src/subjects/paymentSubject.js","all":false,"statementMap":{"0":{"start":{"line":1,"column":0},"end":{"line":1,"column":37}},"1":{"start":{"line":2,"column":0},"end":{"line":2,"column":26}},"2":{"start":{"line":3,"column":0},"end":{"line":3,"column":18}},"3":{"start":{"line":4,"column":0},"end":{"line":4,"column":66}},"4":{"start":{"line":5,"column":0},"end":{"line":5,"column":5}},"5":{"start":{"line":6,"column":0},"end":{"line":6,"column":0}},"6":{"start":{"line":7,"column":0},"end":{"line":7,"column":29}},"7":{"start":{"line":8,"column":0},"end":{"line":8,"column":42}},"8":{"start":{"line":9,"column":0},"end":{"line":9,"column":5}},"9":{"start":{"line":10,"column":0},"end":{"line":10,"column":0}},"10":{"start":{"line":11,"column":0},"end":{"line":11,"column":27}},"11":{"start":{"line":12,"column":0},"end":{"line":12,"column":39}},"12":{"start":{"line":13,"column":0},"end":{"line":13,"column":5}},"13":{"start":{"line":14,"column":0},"end":{"line":14,"column":1}}},"s":{"0":4,"1":4,"2":1,"3":1,"4":4,"5":4,"6":4,"7":1,"8":1,"9":1,"10":1,"11":1,"12":1,"13":1},"branchMap":{"0":{"type":"branch","line":1,"loc":{"start":{"line":1,"column":0},"end":{"line":2,"column":26}},"locations":[{"start":{"line":1,"column":0},"end":{"line":2,"column":26}}]},"1":{"type":"branch","line":1,"loc":{"start":{"line":1,"column":21},"end":{"line":2,"column":21}},"locations":[{"start":{"line":1,"column":21},"end":{"line":2,"column":21}}]},"2":{"type":"branch","line":4,"loc":{"start":{"line":4,"column":44},"end":{"line":8,"column":31}},"locations":[{"start":{"line":4,"column":44},"end":{"line":8,"column":31}}]}},"b":{"0":[4],"1":[3],"2":[4]},"fnMap":{"0":{"name":"notify","decl":{"start":{"line":1,"column":0},"end":{"line":2,"column":26}},"loc":{"start":{"line":1,"column":0},"end":{"line":2,"column":26}},"line":1},"1":{"name":"subscribe","decl":{"start":{"line":4,"column":44},"end":{"line":8,"column":31}},"loc":{"start":{"line":4,"column":44},"end":{"line":8,"column":31}},"line":4}},"f":{"0":4,"1":4}}
}
