TN:
SF:src/createFiles.js
FN:3,defaultDependencies
FN:21,executeWrites
FN:29,createFiles
FNF:3
FNH:3
FNDA:12,defaultDependencies
FNDA:6,executeWrites
FNDA:7,createFiles
DA:1,1
DA:2,1
DA:3,12
DA:4,12
DA:5,12
DA:6,12
DA:7,12
DA:8,12
DA:9,12
DA:10,12
DA:11,12
DA:12,12
DA:13,12
DA:14,12
DA:15,12
DA:16,12
DA:17,12
DA:18,12
DA:19,12
DA:20,12
DA:21,12
DA:22,6
DA:23,6
DA:24,6
DA:25,6
DA:26,12
DA:27,12
DA:28,1
DA:29,1
DA:30,7
DA:31,7
DA:32,7
DA:33,7
DA:34,7
DA:35,7
DA:36,7
DA:37,13
DA:38,13
DA:39,13
DA:40,13
DA:41,13
DA:42,13
DA:43,23
DA:44,23
DA:45,23
DA:46,13
DA:47,13
DA:48,13
DA:49,13
DA:50,13
DA:51,12
DA:52,12
DA:53,12
DA:54,12
DA:55,12
DA:56,12
DA:57,12
DA:58,12
DA:59,12
DA:60,12
DA:61,7
DA:62,1
DA:63,1
DA:64,1
DA:65,1
DA:66,1
DA:67,1
DA:68,1
LF:68
LH:68
BRDA:3,0,0,12
BRDA:21,1,0,6
BRDA:26,2,0,12
BRDA:29,3,0,7
BRDA:36,4,0,13
BRDA:49,5,0,1
BRDA:50,6,0,12
BRDA:61,7,0,6
BRDA:43,8,0,23
BRF:9
BRH:9
end_of_record
TN:
SF:src/createLayers.js
FN:1,createLayersIfNotExists
FNF:1
FNH:1
FNDA:3,createLayersIfNotExists
DA:1,3
DA:2,3
DA:3,3
DA:4,3
DA:5,3
DA:6,3
DA:7,9
DA:8,1
DA:9,1
DA:10,1
DA:11,1
DA:12,1
LF:12
LH:12
BRDA:1,0,0,3
BRDA:5,1,0,9
BRDA:6,2,0,9
BRF:3
BRH:3
end_of_record
TN:
SF:src/util.js
FN:1,#transform
FN:8,upperCaseFirstLetter
FN:14,lowerCaseFirstLetter
FNF:3
FNH:3
FNDA:39,#transform
FNDA:17,upperCaseFirstLetter
FNDA:22,lowerCaseFirstLetter
DA:1,39
DA:2,39
DA:3,39
DA:4,39
DA:5,39
DA:6,39
DA:7,39
DA:8,1
DA:9,17
DA:10,17
DA:11,17
DA:12,17
DA:13,1
DA:14,1
DA:15,22
DA:16,22
DA:17,1
DA:18,1
DA:19,1
DA:20,1
DA:21,1
LF:21
LH:21
BRDA:1,0,0,39
BRDA:4,1,0,3
BRDA:4,2,0,36
BRDA:4,3,0,17
BRDA:4,4,0,19
BRDA:8,5,0,17
BRDA:14,6,0,22
BRF:7
BRH:7
end_of_record
TN:
SF:src/templates/factoryTemplate.js
FN:18,factoryTemplate
FNF:1
FNH:1
FNDA:1,factoryTemplate
DA:1,1
DA:2,1
DA:3,1
DA:4,1
DA:5,1
DA:6,1
DA:7,1
DA:8,1
DA:9,1
DA:10,1
DA:11,1
DA:12,1
DA:13,1
DA:14,1
DA:15,1
DA:16,1
DA:17,1
DA:18,1
DA:19,1
DA:20,1
DA:21,1
DA:22,1
DA:23,1
DA:24,1
DA:25,1
DA:26,1
DA:27,1
DA:28,1
DA:29,1
DA:30,1
DA:31,1
DA:32,1
DA:33,1
DA:34,1
DA:35,1
DA:36,1
DA:37,1
DA:38,1
DA:39,1
LF:39
LH:39
BRDA:18,0,0,1
BRF:1
BRH:1
end_of_record
TN:
SF:src/templates/index.js
FNF:0
FNH:0
DA:1,1
DA:2,1
DA:3,1
DA:4,1
DA:5,1
DA:6,1
DA:7,1
DA:8,1
DA:9,1
DA:10,1
LF:10
LH:10
BRF:0
BRH:0
end_of_record
TN:
SF:src/templates/repositoryTemplate.js
FN:21,repositoryTemplate
FNF:1
FNH:1
FNDA:5,repositoryTemplate
DA:1,1
DA:2,1
DA:3,1
DA:4,1
DA:5,1
DA:6,1
DA:7,1
DA:8,1
DA:9,1
DA:10,1
DA:11,1
DA:12,1
DA:13,1
DA:14,1
DA:15,1
DA:16,1
DA:17,1
DA:18,1
DA:19,1
DA:20,1
DA:21,5
DA:22,5
DA:23,5
DA:24,5
DA:25,5
DA:26,5
DA:27,5
DA:28,5
DA:29,1
DA:30,1
DA:31,1
LF:31
LH:31
BRDA:21,0,0,5
BRF:1
BRH:1
end_of_record
TN:
SF:src/templates/serviceTemplate.js
FN:20,serviceTemplate
FNF:1
FNH:1
FNDA:3,serviceTemplate
DA:1,1
DA:2,1
DA:3,1
DA:4,1
DA:5,1
DA:6,1
DA:7,1
DA:8,1
DA:9,1
DA:10,1
DA:11,1
DA:12,1
DA:13,1
DA:14,1
DA:15,1
DA:16,1
DA:17,1
DA:18,1
DA:19,1
DA:20,3
DA:21,3
DA:22,3
DA:23,3
DA:24,3
DA:25,3
DA:26,3
DA:27,3
DA:28,3
DA:29,3
DA:30,3
DA:31,3
DA:32,3
DA:33,3
DA:34,1
DA:35,1
DA:36,1
DA:37,1
DA:38,1
DA:39,1
LF:39
LH:39
BRDA:20,0,0,3
BRF:1
BRH:1
end_of_record
