{"/Users/erickwendel/Documents/projetos/cursos/javascript-expert/recorded/modulo07/structural/05-adapter/src/business/adapters/rickAndMortyBRLAdapter.js": {"path":"/Users/erickwendel/Documents/projetos/cursos/javascript-expert/recorded/modulo07/structural/05-adapter/src/business/adapters/rickAndMortyBRLAdapter.js","all":false,"statementMap":{"0":{"start":{"line":1,"column":0},"end":{"line":1,"column":65}},"1":{"start":{"line":2,"column":0},"end":{"line":2,"column":0}},"2":{"start":{"line":3,"column":0},"end":{"line":3,"column":45}},"3":{"start":{"line":4,"column":0},"end":{"line":4,"column":33}},"4":{"start":{"line":5,"column":0},"end":{"line":5,"column":54}},"5":{"start":{"line":6,"column":0},"end":{"line":6,"column":5}},"6":{"start":{"line":7,"column":0},"end":{"line":7,"column":1}}},"s":{"0":1,"1":1,"2":1,"3":1,"4":1,"5":1,"6":1},"branchMap":{"0":{"type":"branch","line":1,"loc":{"start":{"line":1,"column":28},"end":{"line":3,"column":21}},"locations":[{"start":{"line":1,"column":28},"end":{"line":3,"column":21}}]}},"b":{"0":[1]},"fnMap":{"0":{"name":"getCharaters","decl":{"start":{"line":1,"column":28},"end":{"line":3,"column":21}},"loc":{"start":{"line":1,"column":28},"end":{"line":3,"column":21}},"line":1}},"f":{"0":1}}
,"/Users/erickwendel/Documents/projetos/cursos/javascript-expert/recorded/modulo07/structural/05-adapter/src/business/adapters/rickAndMortyUSAAdapter.js": {"path":"/Users/erickwendel/Documents/projetos/cursos/javascript-expert/recorded/modulo07/structural/05-adapter/src/business/adapters/rickAndMortyUSAAdapter.js","all":false,"statementMap":{"0":{"start":{"line":1,"column":0},"end":{"line":1,"column":65}},"1":{"start":{"line":2,"column":0},"end":{"line":2,"column":0}},"2":{"start":{"line":3,"column":0},"end":{"line":3,"column":45}},"3":{"start":{"line":4,"column":0},"end":{"line":4,"column":33}},"4":{"start":{"line":5,"column":0},"end":{"line":5,"column":53}},"5":{"start":{"line":6,"column":0},"end":{"line":6,"column":5}},"6":{"start":{"line":7,"column":0},"end":{"line":7,"column":1}}},"s":{"0":1,"1":1,"2":1,"3":1,"4":1,"5":1,"6":1},"branchMap":{"0":{"type":"branch","line":1,"loc":{"start":{"line":1,"column":28},"end":{"line":3,"column":44}},"locations":[{"start":{"line":1,"column":28},"end":{"line":3,"column":44}}]}},"b":{"0":[1]},"fnMap":{"0":{"name":"getCharaters","decl":{"start":{"line":1,"column":28},"end":{"line":3,"column":44}},"loc":{"start":{"line":1,"column":28},"end":{"line":3,"column":44}},"line":1}},"f":{"0":1}}
,"/Users/erickwendel/Documents/projetos/cursos/javascript-expert/recorded/modulo07/structural/05-adapter/src/business/integrations/rickAndMortyBRL.js": {"path":"/Users/erickwendel/Documents/projetos/cursos/javascript-expert/recorded/modulo07/structural/05-adapter/src/business/integrations/rickAndMortyBRL.js","all":false,"statementMap":{"0":{"start":{"line":1,"column":0},"end":{"line":1,"column":25}},"1":{"start":{"line":2,"column":0},"end":{"line":2,"column":51}},"2":{"start":{"line":3,"column":0},"end":{"line":3,"column":169}},"3":{"start":{"line":4,"column":0},"end":{"line":4,"column":0}},"4":{"start":{"line":5,"column":0},"end":{"line":5,"column":38}},"5":{"start":{"line":6,"column":0},"end":{"line":6,"column":42}},"6":{"start":{"line":7,"column":0},"end":{"line":7,"column":63}},"7":{"start":{"line":8,"column":0},"end":{"line":8,"column":55}},"8":{"start":{"line":9,"column":0},"end":{"line":9,"column":5}},"9":{"start":{"line":10,"column":0},"end":{"line":10,"column":1}}},"s":{"0":1,"1":1,"2":1,"3":2,"4":2,"5":2,"6":1,"7":1,"8":1,"9":1},"branchMap":{"0":{"type":"branch","line":3,"loc":{"start":{"line":3,"column":12},"end":{"line":7,"column":24}},"locations":[{"start":{"line":3,"column":12},"end":{"line":7,"column":24}}]},"1":{"type":"branch","line":7,"loc":{"start":{"line":7,"column":16},"end":{"line":7,"column":43}},"locations":[{"start":{"line":7,"column":16},"end":{"line":7,"column":43}}]}},"b":{"0":[2],"1":[1]},"fnMap":{"0":{"name":"getCharactersFromJSON","decl":{"start":{"line":3,"column":12},"end":{"line":7,"column":24}},"loc":{"start":{"line":3,"column":12},"end":{"line":7,"column":24}},"line":3}},"f":{"0":2}}
,"/Users/erickwendel/Documents/projetos/cursos/javascript-expert/recorded/modulo07/structural/05-adapter/src/business/integrations/rickAndMortyUSA.js": {"path":"/Users/erickwendel/Documents/projetos/cursos/javascript-expert/recorded/modulo07/structural/05-adapter/src/business/integrations/rickAndMortyUSA.js","all":false,"statementMap":{"0":{"start":{"line":1,"column":0},"end":{"line":1,"column":25}},"1":{"start":{"line":2,"column":0},"end":{"line":2,"column":43}},"2":{"start":{"line":3,"column":0},"end":{"line":3,"column":51}},"3":{"start":{"line":4,"column":0},"end":{"line":4,"column":0}},"4":{"start":{"line":5,"column":0},"end":{"line":5,"column":168}},"5":{"start":{"line":6,"column":0},"end":{"line":6,"column":0}},"6":{"start":{"line":7,"column":0},"end":{"line":7,"column":38}},"7":{"start":{"line":8,"column":0},"end":{"line":8,"column":41}},"8":{"start":{"line":9,"column":0},"end":{"line":9,"column":45}},"9":{"start":{"line":10,"column":0},"end":{"line":10,"column":25}},"10":{"start":{"line":11,"column":0},"end":{"line":11,"column":32}},"11":{"start":{"line":12,"column":0},"end":{"line":12,"column":32}},"12":{"start":{"line":13,"column":0},"end":{"line":13,"column":9}},"13":{"start":{"line":14,"column":0},"end":{"line":14,"column":0}},"14":{"start":{"line":15,"column":0},"end":{"line":15,"column":94}},"15":{"start":{"line":16,"column":0},"end":{"line":16,"column":74}},"16":{"start":{"line":17,"column":0},"end":{"line":17,"column":61}},"17":{"start":{"line":18,"column":0},"end":{"line":18,"column":5}},"18":{"start":{"line":19,"column":0},"end":{"line":19,"column":1}}},"s":{"0":1,"1":1,"2":1,"3":1,"4":1,"5":2,"6":2,"7":2,"8":2,"9":2,"10":2,"11":2,"12":2,"13":2,"14":2,"15":1,"16":1,"17":1,"18":1},"branchMap":{"0":{"type":"branch","line":5,"loc":{"start":{"line":5,"column":12},"end":{"line":16,"column":55}},"locations":[{"start":{"line":5,"column":12},"end":{"line":16,"column":55}}]},"1":{"type":"branch","line":15,"loc":{"start":{"line":15,"column":55},"end":{"line":15,"column":79}},"locations":[{"start":{"line":15,"column":55},"end":{"line":15,"column":79}}]},"2":{"type":"branch","line":15,"loc":{"start":{"line":15,"column":61},"end":{"line":15,"column":79}},"locations":[{"start":{"line":15,"column":61},"end":{"line":15,"column":79}}]},"3":{"type":"branch","line":16,"loc":{"start":{"line":16,"column":14},"end":{"line":16,"column":44}},"locations":[{"start":{"line":16,"column":14},"end":{"line":16,"column":44}}]}},"b":{"0":[2],"1":[1],"2":[1],"3":[1]},"fnMap":{"0":{"name":"getCharactersFromXML","decl":{"start":{"line":5,"column":12},"end":{"line":16,"column":55}},"loc":{"start":{"line":5,"column":12},"end":{"line":16,"column":55}},"line":5}},"f":{"0":2}}
,"/Users/erickwendel/Documents/projetos/cursos/javascript-expert/recorded/modulo07/structural/05-adapter/src/entities/character.js": {"path":"/Users/erickwendel/Documents/projetos/cursos/javascript-expert/recorded/modulo07/structural/05-adapter/src/entities/character.js","all":false,"statementMap":{"0":{"start":{"line":1,"column":0},"end":{"line":1,"column":32}},"1":{"start":{"line":2,"column":0},"end":{"line":2,"column":80}},"2":{"start":{"line":3,"column":0},"end":{"line":3,"column":28}},"3":{"start":{"line":4,"column":0},"end":{"line":4,"column":24}},"4":{"start":{"line":5,"column":0},"end":{"line":5,"column":28}},"5":{"start":{"line":6,"column":0},"end":{"line":6,"column":30}},"6":{"start":{"line":7,"column":0},"end":{"line":7,"column":24}},"7":{"start":{"line":8,"column":0},"end":{"line":8,"column":28}},"8":{"start":{"line":9,"column":0},"end":{"line":9,"column":34}},"9":{"start":{"line":10,"column":0},"end":{"line":10,"column":38}},"10":{"start":{"line":11,"column":0},"end":{"line":11,"column":5}},"11":{"start":{"line":12,"column":0},"end":{"line":12,"column":1}}},"s":{"0":1,"1":1,"2":1,"3":1,"4":1,"5":1,"6":1,"7":1,"8":1,"9":1,"10":1,"11":1},"branchMap":{"0":{"type":"branch","line":1,"loc":{"start":{"line":1,"column":0},"end":{"line":8,"column":13}},"locations":[{"start":{"line":1,"column":0},"end":{"line":8,"column":13}}]}},"b":{"0":[1]},"fnMap":{"0":{"name":"Character","decl":{"start":{"line":1,"column":0},"end":{"line":8,"column":13}},"loc":{"start":{"line":1,"column":0},"end":{"line":8,"column":13}},"line":1}},"f":{"0":1}}
}
